<?xml version="1.0" encoding="UTF-8"?>
<testsuite xmlns:xsi="http://www.w3.org/2001/XMLSchema-instance" xsi:noNamespaceSchemaLocation="https://maven.apache.org/surefire/maven-surefire-plugin/xsd/surefire-test-report.xsd" name="com.openhe.backend.NoteGroupTest" time="3.743" tests="2" errors="1" skipped="0" failures="0">
  <properties>
[...]
</properties>
  <testcase name="testLoadPassage" classname="com.openhe.backend.NoteGroupTest" time="0.686">
    <error message="java.nio.file.NoSuchFileException: \home\code\note\web\note3.md" type="java.lang.RuntimeException">java.lang.RuntimeException: java.nio.file.NoSuchFileException: \home\code\note\web\note3.md
	at com.openhe.backend.NoteGroupTest.testLoadPassage(NoteGroupTest.java:26)
Caused by: java.nio.file.NoSuchFileException: \home\code\note\web\note3.md
	at com.openhe.backend.NoteGroupTest.testLoadPassage(NoteGroupTest.java:26)
</error>
    <system-out><![CDATA[17:02:22.820 [main] DEBUG org.springframework.test.context.BootstrapUtils - Instantiating CacheAwareContextLoaderDelegate from class [org.springframework.test.context.cache.DefaultCacheAwareContextLoaderDelegate]
17:02:22.835 [main] DEBUG org.springframework.test.context.BootstrapUtils - Instantiating BootstrapContext using constructor [public org.springframework.test.context.support.DefaultBootstrapContext(java.lang.Class,org.springframework.test.context.CacheAwareContextLoaderDelegate)]
17:02:22.923 [main] DEBUG org.springframework.test.context.BootstrapUtils - Instantiating TestContextBootstrapper for test class [com.openhe.backend.NoteGroupTest] from class [org.springframework.boot.test.context.SpringBootTestContextBootstrapper]
17:02:23.020 [main] INFO org.springframework.boot.test.context.SpringBootTestContextBootstrapper - Neither @ContextConfiguration nor @ContextHierarchy found for test class [com.openhe.backend.NoteGroupTest], using SpringBootContextLoader
17:02:23.029 [main] DEBUG org.springframework.test.context.support.AbstractContextLoader - Did not detect default resource location for test class [com.openhe.backend.NoteGroupTest]: class path resource [com/openhe/backend/NoteGroupTest-context.xml] does not exist
17:02:23.030 [main] DEBUG org.springframework.test.context.support.AbstractContextLoader - Did not detect default resource location for test class [com.openhe.backend.NoteGroupTest]: class path resource [com/openhe/backend/NoteGroupTestContext.groovy] does not exist
17:02:23.031 [main] INFO org.springframework.test.context.support.AbstractContextLoader - Could not detect default resource locations for test class [com.openhe.backend.NoteGroupTest]: no resource found for suffixes {-context.xml, Context.groovy}.
17:02:23.031 [main] INFO org.springframework.test.context.support.AnnotationConfigContextLoaderUtils - Could not detect default configuration classes for test class [com.openhe.backend.NoteGroupTest]: NoteGroupTest does not declare any static, non-private, non-final, nested classes annotated with @Configuration.
17:02:23.097 [main] DEBUG org.springframework.test.context.support.ActiveProfilesUtils - Could not find an 'annotation declaring class' for annotation type [org.springframework.test.context.ActiveProfiles] and class [com.openhe.backend.NoteGroupTest]
17:02:23.180 [main] DEBUG org.springframework.context.annotation.ClassPathScanningCandidateComponentProvider - Identified candidate component class: file [D:\program\java\openhe-station-backend\target\classes\com\openhe\backend\OpenheStationBackendApplication.class]
17:02:23.181 [main] INFO org.springframework.boot.test.context.SpringBootTestContextBootstrapper - Found @SpringBootConfiguration com.openhe.backend.OpenheStationBackendApplication for test class com.openhe.backend.NoteGroupTest
17:02:23.285 [main] DEBUG org.springframework.boot.test.context.SpringBootTestContextBootstrapper - @TestExecutionListeners is not present for class [com.openhe.backend.NoteGroupTest]: using defaults.
17:02:23.285 [main] INFO org.springframework.boot.test.context.SpringBootTestContextBootstrapper - Loaded default TestExecutionListener class names from location [META-INF/spring.factories]: [org.springframework.boot.test.mock.mockito.MockitoTestExecutionListener, org.springframework.boot.test.mock.mockito.ResetMocksTestExecutionListener, org.springframework.boot.test.autoconfigure.restdocs.RestDocsTestExecutionListener, org.springframework.boot.test.autoconfigure.web.client.MockRestServiceServerResetTestExecutionListener, org.springframework.boot.test.autoconfigure.web.servlet.MockMvcPrintOnlyOnFailureTestExecutionListener, org.springframework.boot.test.autoconfigure.web.servlet.WebDriverTestExecutionListener, org.springframework.boot.test.autoconfigure.webservices.client.MockWebServiceServerTestExecutionListener, org.springframework.test.context.web.ServletTestExecutionListener, org.springframework.test.context.support.DirtiesContextBeforeModesTestExecutionListener, org.springframework.test.context.event.ApplicationEventsTestExecutionListener, org.springframework.test.context.support.DependencyInjectionTestExecutionListener, org.springframework.test.context.support.DirtiesContextTestExecutionListener, org.springframework.test.context.transaction.TransactionalTestExecutionListener, org.springframework.test.context.jdbc.SqlScriptsTestExecutionListener, org.springframework.test.context.event.EventPublishingTestExecutionListener]
17:02:23.300 [main] INFO org.springframework.boot.test.context.SpringBootTestContextBootstrapper - Using TestExecutionListeners: [org.springframework.test.context.web.ServletTestExecutionListener@36cda2c2, org.springframework.test.context.support.DirtiesContextBeforeModesTestExecutionListener@3697186, org.springframework.test.context.event.ApplicationEventsTestExecutionListener@1583741e, org.springframework.boot.test.mock.mockito.MockitoTestExecutionListener@5b367418, org.springframework.boot.test.autoconfigure.SpringBootDependencyInjectionTestExecutionListener@36060e, org.springframework.test.context.support.DirtiesContextTestExecutionListener@481ba2cf, org.springframework.test.context.transaction.TransactionalTestExecutionListener@46b61c56, org.springframework.test.context.jdbc.SqlScriptsTestExecutionListener@2e48362c, org.springframework.test.context.event.EventPublishingTestExecutionListener@1efe439d, org.springframework.boot.test.mock.mockito.ResetMocksTestExecutionListener@be68757, org.springframework.boot.test.autoconfigure.restdocs.RestDocsTestExecutionListener@7d446ed1, org.springframework.boot.test.autoconfigure.web.client.MockRestServiceServerResetTestExecutionListener@12d2ce03, org.springframework.boot.test.autoconfigure.web.servlet.MockMvcPrintOnlyOnFailureTestExecutionListener@7e5c856f, org.springframework.boot.test.autoconfigure.web.servlet.WebDriverTestExecutionListener@413f69cc, org.springframework.boot.test.autoconfigure.webservices.client.MockWebServiceServerTestExecutionListener@1f53a5dc]
17:02:23.303 [main] DEBUG org.springframework.test.context.support.AbstractDirtiesContextTestExecutionListener - Before test class: context [DefaultTestContext@5be46f9d testClass = NoteGroupTest, testInstance = [null], testMethod = [null], testException = [null], mergedContextConfiguration = [WebMergedContextConfiguration@3f91b517 testClass = NoteGroupTest, locations = '{}', classes = '{class com.openhe.backend.OpenheStationBackendApplication}', contextInitializerClasses = '[]', activeProfiles = '{}', propertySourceLocations = '{}', propertySourceProperties = '{org.springframework.boot.test.context.SpringBootTestContextBootstrapper=true}', contextCustomizers = set[org.springframework.boot.test.context.filter.ExcludeFilterContextCustomizer@48974e45, org.springframework.boot.test.json.DuplicateJsonObjectContextCustomizerFactory$DuplicateJsonObjectContextCustomizer@6d3a388c, org.springframework.boot.test.mock.mockito.MockitoContextCustomizer@0, org.springframework.boot.test.web.client.TestRestTemplateContextCustomizer@2b48a640, org.springframework.boot.test.autoconfigure.actuate.metrics.MetricsExportContextCustomizerFactory$DisableMetricExportContextCustomizer@49c7b90e, org.springframework.boot.test.autoconfigure.properties.PropertyMappingContextCustomizer@0, org.springframework.boot.test.autoconfigure.web.servlet.WebDriverContextCustomizerFactory$Customizer@53fdffa1, org.springframework.boot.test.context.SpringBootTestArgs@1, org.springframework.boot.test.context.SpringBootTestWebEnvironment@30a3107a], resourceBasePath = 'src/main/webapp', contextLoader = 'org.springframework.boot.test.context.SpringBootContextLoader', parent = [null]], attributes = map['org.springframework.test.context.web.ServletTestExecutionListener.activateListener' -> true]], class annotated with @DirtiesContext [false] with mode [null].

  .   ____          _            __ _ _
 /\\ / ___'_ __ _ _(_)_ __  __ _ \ \ \ \
( ( )\___ | '_ | '_| | '_ \/ _` | \ \ \ \
 \\/  ___)| |_)| | | | | || (_| |  ) ) ) )
  '  |____| .__|_| |_|_| |_\__, | / / / /
 =========|_|==============|___/=/_/_/_/
 :: Spring Boot ::                (v2.7.8)

2023-02-07 17:02:23.663  INFO 34740 --- [           main] com.openhe.backend.NoteGroupTest         : Starting NoteGroupTest using Java 18.0.2 on zhewen with PID 34740 (started by 62552 in D:\program\java\openhe-station-backend)
2023-02-07 17:02:23.664  INFO 34740 --- [           main] com.openhe.backend.NoteGroupTest         : No active profile set, falling back to 1 default profile: "default"
Logging initialized using 'class org.apache.ibatis.logging.stdout.StdOutImpl' adapter.
Parsed mapper file: 'file [D:\program\java\openhe-station-backend\target\classes\mapper\NoteGroupMapper.xml]'
 _ _   |_  _ _|_. ___ _ |    _ 
| | |\/|_)(_| | |_\  |_)||_|_\ 
     /               |         
                        3.2.0 
2023-02-07 17:02:25.753  INFO 34740 --- [           main] com.openhe.backend.NoteGroupTest         : Started NoteGroupTest in 2.412 seconds (JVM running for 3.534)
Creating a new SqlSession
SqlSession [org.apache.ibatis.session.defaults.DefaultSqlSession@6cceb281] was not registered for synchronization because synchronization is not active
2023-02-07 17:02:26.187  INFO 34740 --- [           main] com.zaxxer.hikari.HikariDataSource       : HikariPool-1 - Starting...
2023-02-07 17:02:26.376  INFO 34740 --- [           main] com.zaxxer.hikari.HikariDataSource       : HikariPool-1 - Start completed.
JDBC Connection [HikariProxyConnection@84624228 wrapping com.mysql.cj.jdbc.ConnectionImpl@5e541ef9] will not be managed by Spring
==>  Preparing: select g.id as g_id, g.name as g_name, g.path as g_path, n.* from note_group g left join note n on g.id = n.group_id 
==> Parameters: 
<==    Columns: g_id, g_name, g_path, id, name, tags, date, path, group_id
<==        Row: 1, web, /web, 3, VueRouter, VueRouter,Vue, 2023-01-03, /note3, 1
<==        Row: 1, web, /web, 2, Vue-3 Component, Vue, 2023-01-02, /note2, 1
<==        Row: 1, web, /web, 1, Vue-3 Study, Vue, 2023-01-01, /note1, 1
<==        Row: 2, java, /java, 4, Springboot, Java, 2023-01-04, /spring_boot, 2
<==        Row: 3, linux, /linux, 8, demo, test, 2023-02-18, /demo, 3
<==        Row: 3, linux, /linux, 5, Bash Learn, Linux,Bash, 2023-01-05, /bash, 3
<==        Row: 10, python, /python, null, null, null, null, null, null
<==      Total: 7
Closing non transactional SqlSession [org.apache.ibatis.session.defaults.DefaultSqlSession@6cceb281]
2023-02-07 17:02:26.446  INFO 34740 --- [           main] c.o.b.service.impl.NoteGroupServiceImpl  : reading note content from: /home/code/note/web/note3.md
]]></system-out>
  </testcase>
  <testcase name="testSelectAll" classname="com.openhe.backend.NoteGroupTest" time="0.018"/>
</testsuite>